<?xml version="1.0" encoding="UTF-8" ?>
<testsuite failures="0" time="0.044" errors="0" skipped="0" tests="2" name="org.archive.wayback.resourceindex.distributed.AlphaPartitionedIndexTest">
  <properties>
[...]
</properties>
  <testcase time="0.034" classname="org.archive.wayback.resourceindex.distributed.AlphaPartitionedIndexTest" name="testFindRange"/>
  <testcase time="0.009" classname="org.archive.wayback.resourceindex.distributed.AlphaPartitionedIndexTest" name="testGroupBalance"/>
</testsuite>